Using pre-set license
Built from '2020.2/release' branch; Version is '2020.2.4f1 (becced5a802b) revision 12504301'; Using compiler version '192528614'; Build Type 'Release'
OS: 'Windows 10 Home China; OS build 19042.1288; Version 2009; 64bit' Language: 'zh' Physical Memory: 7117 MB
BatchMode: 1, IsHumanControllingUs: 0, StartBugReporterOnCrash: 0, Is64bit: 1, IsPro: 0

 COMMAND LINE ARGUMENTS:
C:\Program Files\Unity\Hub\Editor\2020.2.4f1\Editor\Unity.exe
-adb2
-batchMode
-noUpm
-name
AssetImportWorker0
-projectPath
C:/Users/Alex.Li/Desktop/Game development/Assigment3-Game recreation
-logFile
Logs/AssetImportWorker0.log
-srvPort
49531
Successfully changed project path to: C:/Users/Alex.Li/Desktop/Game development/Assigment3-Game recreation
C:/Users/Alex.Li/Desktop/Game development/Assigment3-Game recreation
Using Asset Import Pipeline V2.
Refreshing native plugins compatible for Editor in 91.19 ms, found 1 plugins.
Preloading 0 native plugins for Editor in 0.00 ms.
Initialize engine version: 2020.2.4f1 (becced5a802b)
[Subsystems] Discovering subsystems at path C:/Program Files/Unity/Hub/Editor/2020.2.4f1/Editor/Data/Resources/UnitySubsystems
[Subsystems] Discovering subsystems at path C:/Users/Alex.Li/Desktop/Game development/Assigment3-Game recreation/Assets
GfxDevice: creating device client; threaded=0
Direct3D:
    Version:  Direct3D 11.0 [level 11.1]
    Renderer: AMD Radeon(TM) Vega 8 Mobile Graphics (ID=0x15dd)
    Vendor:   
    VRAM:     3558 MB
    Driver:   27.20.22002.57
Initialize mono
Mono path[0] = 'C:/Program Files/Unity/Hub/Editor/2020.2.4f1/Editor/Data/Managed'
Mono path[1] = 'C:/Program Files/Unity/Hub/Editor/2020.2.4f1/Editor/Data/MonoBleedingEdge/lib/mono/unityjit'
Mono config path = 'C:/Program Files/Unity/Hub/Editor/2020.2.4f1/Editor/Data/MonoBleedingEdge/etc'
Using monoOptions --debugger-agent=transport=dt_socket,embedding=1,server=y,suspend=n,address=127.0.0.1:56400
Begin MonoManager ReloadAssembly
Registering precompiled unity dll's ...
Register platform support module: C:/Program Files/Unity/Hub/Editor/2020.2.4f1/Editor/Data/PlaybackEngines/WindowsStandaloneSupport/UnityEditor.WindowsStandalone.Extensions.dll
Registered in 0.015237 seconds.
Native extension for WindowsStandalone target not found
Refreshing native plugins compatible for Editor in 57.86 ms, found 1 plugins.
Preloading 0 native plugins for Editor in 0.00 ms.
Invoked RoslynAnalysisRunner static constructor.
RoslynAnalysisRunner will not be running.
RoslynAnalysisRunner has terminated.
Mono: successfully reloaded assembly
- Completed reload, in  4.041 seconds
Platform modules already initialized, skipping
Registering precompiled user dll's ...
Registered in 0.004715 seconds.
Begin MonoManager ReloadAssembly
Native extension for WindowsStandalone target not found
Refreshing native plugins compatible for Editor in 59.31 ms, found 1 plugins.
Preloading 0 native plugins for Editor in 0.00 ms.
Invoked RoslynAnalysisRunner static constructor.
RoslynAnalysisRunner will not be running.
RoslynAnalysisRunner has terminated.
Mono: successfully reloaded assembly
- Completed reload, in  2.495 seconds
Platform modules already initialized, skipping
========================================================================
Worker process is ready to serve import requests
Launched and connected shader compiler UnityShaderCompiler.exe after 0.17 seconds
Refreshing native plugins compatible for Editor in 1.91 ms, found 1 plugins.
Preloading 0 native plugins for Editor in 0.00 ms.
Unloading 1803 Unused Serialized files (Serialized files now loaded: 0)
System memory in use before: 87.3 MB.
System memory in use after: 87.4 MB.

Unloading 19 unused Assets to reduce memory usage. Loaded Objects now: 2252.
Total: 15.014900 ms (FindLiveObjects: 2.865700 ms CreateObjectMapping: 0.567200 ms MarkObjects: 11.083600 ms  DeleteObjects: 0.491400 ms)

========================================================================
Received Import Request.
  path: Assets/Script
  artifactKey: Guid(422ee2d1e94162b49a0d894ac2760ee6) Importer(815301076,1909f56bfc062723c751e8b465ee728b)
Start importing Assets/Script using Guid(422ee2d1e94162b49a0d894ac2760ee6) Importer(815301076,1909f56bfc062723c751e8b465ee728b)  -> (artifact id: '83339da48845d204a9f427d9c4beeb51') in 0.086940 seconds
  Import took 0.101929 seconds .

========================================================================
Received Prepare
Registering precompiled user dll's ...
Registered in 0.004903 seconds.
Begin MonoManager ReloadAssembly
Native extension for WindowsStandalone target not found
Refreshing native plugins compatible for Editor in 0.46 ms, found 1 plugins.
Preloading 0 native plugins for Editor in 0.00 ms.
Invoked RoslynAnalysisRunner static constructor.
RoslynAnalysisRunner will not be running.
RoslynAnalysisRunner has terminated.
Mono: successfully reloaded assembly
- Completed reload, in  1.948 seconds
Platform modules already initialized, skipping
Refreshing native plugins compatible for Editor in 0.60 ms, found 1 plugins.
Preloading 0 native plugins for Editor in 0.00 ms.
Unloading 1793 Unused Serialized files (Serialized files now loaded: 0)
System memory in use before: 86.9 MB.
System memory in use after: 87.0 MB.

Unloading 7 unused Assets to reduce memory usage. Loaded Objects now: 2255.
Total: 3.509700 ms (FindLiveObjects: 0.347600 ms CreateObjectMapping: 0.094100 ms MarkObjects: 3.032400 ms  DeleteObjects: 0.033600 ms)

========================================================================
Received Import Request.
  Time since last request: 5.217314 seconds.
  path: Assets/Script/Movement/pmTween.cs
  artifactKey: Guid(03694134a4cdbd84cb52280b465459bf) Importer(815301076,1909f56bfc062723c751e8b465ee728b)
Start importing Assets/Script/Movement/pmTween.cs using Guid(03694134a4cdbd84cb52280b465459bf) Importer(815301076,1909f56bfc062723c751e8b465ee728b)  -> (artifact id: 'db243e987edf5939c1612b91a1dd4ee7') in 0.108415 seconds
  Import took 0.113765 seconds .

========================================================================
Received Import Request.
  Time since last request: 0.000499 seconds.
  path: Assets/Script/Movement/PacManMovement.cs
  artifactKey: Guid(9a4d80adf020c9045bab0e0209d90861) Importer(815301076,1909f56bfc062723c751e8b465ee728b)
Start importing Assets/Script/Movement/PacManMovement.cs using Guid(9a4d80adf020c9045bab0e0209d90861) Importer(815301076,1909f56bfc062723c751e8b465ee728b)  -> (artifact id: '91cdaf03642615a5b780185d83196d53') in 0.017249 seconds
  Import took 0.022548 seconds .

========================================================================
Received Import Request.
  Time since last request: 0.000537 seconds.
  path: Assets/Script/Movement
  artifactKey: Guid(75a484dffbb2f1f4d82b02379c412c53) Importer(815301076,1909f56bfc062723c751e8b465ee728b)
Start importing Assets/Script/Movement using Guid(75a484dffbb2f1f4d82b02379c412c53) Importer(815301076,1909f56bfc062723c751e8b465ee728b)  -> (artifact id: '28531c8fcee6552dc227418ba9559e40') in 0.015214 seconds
  Import took 0.020322 seconds .

========================================================================
Received Import Request.
  Time since last request: 98.849811 seconds.
  path: Assets/Animation/Pac-Man
  artifactKey: Guid(7f188c5e97cd5224e91b67881775d4b0) Importer(815301076,1909f56bfc062723c751e8b465ee728b)
Start importing Assets/Animation/Pac-Man using Guid(7f188c5e97cd5224e91b67881775d4b0) Importer(815301076,1909f56bfc062723c751e8b465ee728b)  -> (artifact id: 'd2e540dbd8728c67fc51e924bc417a3c') in 0.017099 seconds
  Import took 0.021539 seconds .

========================================================================
Received Import Request.
  Time since last request: 1.158870 seconds.
  path: Assets/Animation/Pac-Man/Pac-Man-controller.controller
  artifactKey: Guid(8e69a8ef69d908d43924449a179e0306) Importer(815301076,1909f56bfc062723c751e8b465ee728b)
Start importing Assets/Animation/Pac-Man/Pac-Man-controller.controller using Guid(8e69a8ef69d908d43924449a179e0306) Importer(815301076,1909f56bfc062723c751e8b465ee728b)  -> (artifact id: '34e1d4f2d224d2c77814d96901092a98') in 0.060234 seconds
  Import took 0.065596 seconds .

========================================================================
Received Import Request.
  Time since last request: 0.416528 seconds.
  path: Assets/Animation/Pac-Man/right.anim
  artifactKey: Guid(34284fb7a1c7b8e44a2f0f906d718569) Importer(815301076,1909f56bfc062723c751e8b465ee728b)
Start importing Assets/Animation/Pac-Man/right.anim using Guid(34284fb7a1c7b8e44a2f0f906d718569) Importer(815301076,1909f56bfc062723c751e8b465ee728b)  -> (artifact id: 'd11c7c71a74d8bab9ded33fef170b71b') in 0.028408 seconds
  Import took 0.034459 seconds .

========================================================================
Received Import Request.
  Time since last request: 0.006999 seconds.
  path: Assets/Animation/Pac-Man/right.anim
  artifactKey: Guid(34284fb7a1c7b8e44a2f0f906d718569) Importer(815301076,1909f56bfc062723c751e8b465ee728b)
Start importing Assets/Animation/Pac-Man/right.anim using Guid(34284fb7a1c7b8e44a2f0f906d718569) Importer(815301076,1909f56bfc062723c751e8b465ee728b)  -> (artifact id: 'd11c7c71a74d8bab9ded33fef170b71b') in 0.016974 seconds
  Import took 0.023249 seconds .

========================================================================
Received Import Request.
  Time since last request: 254.299579 seconds.
  path: Assets/Scenes/StartScene.unity
  artifactKey: Guid(67ef0c796a35f54438c36350bbee9939) Importer(815301076,1909f56bfc062723c751e8b465ee728b)
Start importing Assets/Scenes/StartScene.unity using Guid(67ef0c796a35f54438c36350bbee9939) Importer(815301076,1909f56bfc062723c751e8b465ee728b)  -> (artifact id: '4e2d8c58e08d9b8d06eabb24a3502029') in 0.023054 seconds
  Import took 0.027968 seconds .

========================================================================
Received Prepare
Registering precompiled user dll's ...
Registered in 0.005350 seconds.
Begin MonoManager ReloadAssembly
Native extension for WindowsStandalone target not found
Refreshing native plugins compatible for Editor in 0.46 ms, found 1 plugins.
Preloading 0 native plugins for Editor in 0.00 ms.
Invoked RoslynAnalysisRunner static constructor.
RoslynAnalysisRunner will not be running.
RoslynAnalysisRunner has terminated.
Mono: successfully reloaded assembly
- Completed reload, in  2.203 seconds
Platform modules already initialized, skipping
Refreshing native plugins compatible for Editor in 0.44 ms, found 1 plugins.
Preloading 0 native plugins for Editor in 0.00 ms.
Unloading 1793 Unused Serialized files (Serialized files now loaded: 0)
System memory in use before: 87.0 MB.
System memory in use after: 87.1 MB.

Unloading 7 unused Assets to reduce memory usage. Loaded Objects now: 2258.
Total: 3.997800 ms (FindLiveObjects: 0.368500 ms CreateObjectMapping: 0.115000 ms MarkObjects: 3.483300 ms  DeleteObjects: 0.029300 ms)

========================================================================
Received Import Request.
  Time since last request: 1350.031274 seconds.
  path: Assets/Animation/Image.prefab
  artifactKey: Guid(4ff7db15e898ad74d85e8e3a506497b3) Importer(815301076,1909f56bfc062723c751e8b465ee728b)
Start importing Assets/Animation/Image.prefab using Guid(4ff7db15e898ad74d85e8e3a506497b3) Importer(815301076,1909f56bfc062723c751e8b465ee728b)  -> (artifact id: '7af81e796686c93ed6a716b23d5ce02d') in 0.083105 seconds
  Import took 0.088396 seconds .

========================================================================
Received Import Request.
  Time since last request: 219.603763 seconds.
  path: Assets/Animation/New Animation.anim
  artifactKey: Guid(5801b0eaf2f985349905748a56cd9e97) Importer(815301076,1909f56bfc062723c751e8b465ee728b)
Start importing Assets/Animation/New Animation.anim using Guid(5801b0eaf2f985349905748a56cd9e97) Importer(815301076,1909f56bfc062723c751e8b465ee728b)  -> (artifact id: '544fb23d75bdd0899310f854b60ca405') in 0.044656 seconds
  Import took 0.052156 seconds .

========================================================================
Received Import Request.
  Time since last request: 0.001329 seconds.
  path: Assets/Animation/New Animation.anim
  artifactKey: Guid(5801b0eaf2f985349905748a56cd9e97) Importer(815301076,1909f56bfc062723c751e8b465ee728b)
Start importing Assets/Animation/New Animation.anim using Guid(5801b0eaf2f985349905748a56cd9e97) Importer(815301076,1909f56bfc062723c751e8b465ee728b)  -> (artifact id: '544fb23d75bdd0899310f854b60ca405') in 0.019438 seconds
  Import took 0.024432 seconds .

========================================================================
Received Import Request.
  Time since last request: 4.911675 seconds.
  path: Assets/Animation/Border.anim
  artifactKey: Guid(5801b0eaf2f985349905748a56cd9e97) Importer(815301076,1909f56bfc062723c751e8b465ee728b)
Start importing Assets/Animation/Border.anim using Guid(5801b0eaf2f985349905748a56cd9e97) Importer(815301076,1909f56bfc062723c751e8b465ee728b)  -> (artifact id: '22ac54111826d925fbf38483605e8393') in 0.018578 seconds
  Import took 0.024131 seconds .

========================================================================
Received Prepare
Registering precompiled user dll's ...
Registered in 0.004416 seconds.
Begin MonoManager ReloadAssembly
Native extension for WindowsStandalone target not found
Refreshing native plugins compatible for Editor in 0.46 ms, found 1 plugins.
Preloading 0 native plugins for Editor in 0.00 ms.
Invoked RoslynAnalysisRunner static constructor.
RoslynAnalysisRunner will not be running.
RoslynAnalysisRunner has terminated.
Mono: successfully reloaded assembly
- Completed reload, in  2.472 seconds
Platform modules already initialized, skipping
Refreshing native plugins compatible for Editor in 0.46 ms, found 1 plugins.
Preloading 0 native plugins for Editor in 0.00 ms.
Unloading 1793 Unused Serialized files (Serialized files now loaded: 0)
System memory in use before: 87.0 MB.
System memory in use after: 87.1 MB.

Unloading 7 unused Assets to reduce memory usage. Loaded Objects now: 2261.
Total: 3.088400 ms (FindLiveObjects: 0.444800 ms CreateObjectMapping: 0.078500 ms MarkObjects: 2.535500 ms  DeleteObjects: 0.022800 ms)

========================================================================
Received Import Request.
  Time since last request: 103.971856 seconds.
  path: Assets/Animation/Image.controller
  artifactKey: Guid(eeb87e8862a864b4194b8cdf5712ac7a) Importer(815301076,1909f56bfc062723c751e8b465ee728b)
Start importing Assets/Animation/Image.controller using Guid(eeb87e8862a864b4194b8cdf5712ac7a) Importer(815301076,1909f56bfc062723c751e8b465ee728b)  -> (artifact id: 'f8c53381273f2983c6946b7d6af7f7b0') in 0.034582 seconds
  Import took 0.041374 seconds .

========================================================================
Received Import Request.
  Time since last request: 5.381767 seconds.
  path: Assets/Animation/border1.anim
  artifactKey: Guid(337425ea9d7501745b311719310048cc) Importer(815301076,1909f56bfc062723c751e8b465ee728b)
Start importing Assets/Animation/border1.anim using Guid(337425ea9d7501745b311719310048cc) Importer(815301076,1909f56bfc062723c751e8b465ee728b)  -> (artifact id: '0b202b1bec087ee6f74974c6189b5e57') in 0.021421 seconds
  Import took 0.026652 seconds .

========================================================================
Received Import Request.
  Time since last request: 0.003667 seconds.
  path: Assets/Animation/border1.anim
  artifactKey: Guid(337425ea9d7501745b311719310048cc) Importer(815301076,1909f56bfc062723c751e8b465ee728b)
Start importing Assets/Animation/border1.anim using Guid(337425ea9d7501745b311719310048cc) Importer(815301076,1909f56bfc062723c751e8b465ee728b)  -> (artifact id: '0b202b1bec087ee6f74974c6189b5e57') in 0.017397 seconds
  Import took 0.022236 seconds .

========================================================================
Received Import Request.
  Time since last request: 61.924200 seconds.
  path: Assets/Animation/Image.prefab
  artifactKey: Guid(4ff7db15e898ad74d85e8e3a506497b3) Importer(815301076,1909f56bfc062723c751e8b465ee728b)
Start importing Assets/Animation/Image.prefab using Guid(4ff7db15e898ad74d85e8e3a506497b3) Importer(815301076,1909f56bfc062723c751e8b465ee728b)  -> (artifact id: '44f1e39744c115e7f2abcf4108db648d') in 0.050182 seconds
  Import took 0.055232 seconds .

========================================================================
Received Import Request.
  Time since last request: 17.097650 seconds.
  path: Assets/Animation/New Animation.anim
  artifactKey: Guid(14c9729e06dc83741a465c36a8a98c4c) Importer(815301076,1909f56bfc062723c751e8b465ee728b)
Start importing Assets/Animation/New Animation.anim using Guid(14c9729e06dc83741a465c36a8a98c4c) Importer(815301076,1909f56bfc062723c751e8b465ee728b)  -> (artifact id: 'e4aaa179177c0b779220d8958dc6c73d') in 0.018843 seconds
  Import took 0.023814 seconds .

========================================================================
Received Import Request.
  Time since last request: 242.322443 seconds.
  path: Assets/Animation/Image.controller
  artifactKey: Guid(eeb87e8862a864b4194b8cdf5712ac7a) Importer(815301076,1909f56bfc062723c751e8b465ee728b)
Start importing Assets/Animation/Image.controller using Guid(eeb87e8862a864b4194b8cdf5712ac7a) Importer(815301076,1909f56bfc062723c751e8b465ee728b)  -> (artifact id: '757f7213573653debd9757f42efbe533') in 0.026019 seconds
  Import took 0.031376 seconds .

========================================================================
Received Import Request.
  Time since last request: 40.068970 seconds.
  path: Assets/Image.prefab
  artifactKey: Guid(72f32e40fcf5ee34b99508723de70469) Importer(815301076,1909f56bfc062723c751e8b465ee728b)
Start importing Assets/Image.prefab using Guid(72f32e40fcf5ee34b99508723de70469) Importer(815301076,1909f56bfc062723c751e8b465ee728b)  -> (artifact id: '581a92d995bf1e2e64f3698f5368ae4b') in 0.024937 seconds
  Import took 0.030599 seconds .

========================================================================
Received Import Request.
  Time since last request: 0.001178 seconds.
  path: Assets/Image.prefab
  artifactKey: Guid(72f32e40fcf5ee34b99508723de70469) Importer(815301076,1909f56bfc062723c751e8b465ee728b)
Start importing Assets/Image.prefab using Guid(72f32e40fcf5ee34b99508723de70469) Importer(815301076,1909f56bfc062723c751e8b465ee728b)  -> (artifact id: '581a92d995bf1e2e64f3698f5368ae4b') in 0.016965 seconds
  Import took 0.021978 seconds .

========================================================================
Received Import Request.
  Time since last request: 8.442615 seconds.
  path: Assets/Border.anim
  artifactKey: Guid(d40f8b6810070ab46ba1c2946d3b166b) Importer(815301076,1909f56bfc062723c751e8b465ee728b)
Start importing Assets/Border.anim using Guid(d40f8b6810070ab46ba1c2946d3b166b) Importer(815301076,1909f56bfc062723c751e8b465ee728b)  -> (artifact id: '0b3dba163881f84824c1cafbc89d37fe') in 0.018764 seconds
  Import took 0.025892 seconds .

========================================================================
Received Import Request.
  Time since last request: 75.611710 seconds.
  path: Assets/Image.controller
  artifactKey: Guid(7640f4bfdac3d7d47a6f8aa48d3babf0) Importer(815301076,1909f56bfc062723c751e8b465ee728b)
Start importing Assets/Image.controller using Guid(7640f4bfdac3d7d47a6f8aa48d3babf0) Importer(815301076,1909f56bfc062723c751e8b465ee728b)  -> (artifact id: '63b29d741934a34d168863dacfae9196') in 0.017148 seconds
  Import took 0.023748 seconds .

========================================================================
Received Import Request.
  Time since last request: 0.002505 seconds.
  path: Assets/Image.controller
  artifactKey: Guid(7640f4bfdac3d7d47a6f8aa48d3babf0) Importer(815301076,1909f56bfc062723c751e8b465ee728b)
Start importing Assets/Image.controller using Guid(7640f4bfdac3d7d47a6f8aa48d3babf0) Importer(815301076,1909f56bfc062723c751e8b465ee728b)  -> (artifact id: '63b29d741934a34d168863dacfae9196') in 0.016535 seconds
  Import took 0.022202 seconds .

========================================================================
Received Import Request.
  Time since last request: 1.340548 seconds.
  path: Assets/Border.anim
  artifactKey: Guid(d40f8b6810070ab46ba1c2946d3b166b) Importer(815301076,1909f56bfc062723c751e8b465ee728b)
Start importing Assets/Border.anim using Guid(d40f8b6810070ab46ba1c2946d3b166b) Importer(815301076,1909f56bfc062723c751e8b465ee728b)  -> (artifact id: '88ffb6f1ed7d6a74f41ea31f10bc25f5') in 0.017388 seconds
  Import took 0.023198 seconds .

========================================================================
Received Import Request.
  Time since last request: 0.007633 seconds.
  path: Assets/Border.anim
  artifactKey: Guid(d40f8b6810070ab46ba1c2946d3b166b) Importer(815301076,1909f56bfc062723c751e8b465ee728b)
Start importing Assets/Border.anim using Guid(d40f8b6810070ab46ba1c2946d3b166b) Importer(815301076,1909f56bfc062723c751e8b465ee728b)  -> (artifact id: '88ffb6f1ed7d6a74f41ea31f10bc25f5') in 0.018865 seconds
  Import took 0.023810 seconds .

========================================================================
Received Prepare
Registering precompiled user dll's ...
Registered in 0.004706 seconds.
Begin MonoManager ReloadAssembly
Native extension for WindowsStandalone target not found
Refreshing native plugins compatible for Editor in 0.52 ms, found 1 plugins.
Preloading 0 native plugins for Editor in 0.00 ms.
Invoked RoslynAnalysisRunner static constructor.
RoslynAnalysisRunner will not be running.
RoslynAnalysisRunner has terminated.
Mono: successfully reloaded assembly
- Completed reload, in  2.634 seconds
Platform modules already initialized, skipping
Refreshing native plugins compatible for Editor in 0.54 ms, found 1 plugins.
Preloading 0 native plugins for Editor in 0.00 ms.
Unloading 1793 Unused Serialized files (Serialized files now loaded: 0)
System memory in use before: 87.0 MB.
System memory in use after: 87.2 MB.

Unloading 7 unused Assets to reduce memory usage. Loaded Objects now: 2264.
Total: 5.072500 ms (FindLiveObjects: 0.454400 ms CreateObjectMapping: 0.083400 ms MarkObjects: 4.470800 ms  DeleteObjects: 0.055200 ms)

========================================================================
Received Prepare
Registering precompiled user dll's ...
Registered in 0.004456 seconds.
Begin MonoManager ReloadAssembly
Native extension for WindowsStandalone target not found
Refreshing native plugins compatible for Editor in 0.75 ms, found 1 plugins.
Preloading 0 native plugins for Editor in 0.00 ms.
Invoked RoslynAnalysisRunner static constructor.
RoslynAnalysisRunner will not be running.
RoslynAnalysisRunner has terminated.
Mono: successfully reloaded assembly
- Completed reload, in  2.013 seconds
Platform modules already initialized, skipping
Refreshing native plugins compatible for Editor in 0.47 ms, found 1 plugins.
Preloading 0 native plugins for Editor in 0.00 ms.
Unloading 1793 Unused Serialized files (Serialized files now loaded: 0)
System memory in use before: 87.1 MB.
System memory in use after: 87.2 MB.

Unloading 7 unused Assets to reduce memory usage. Loaded Objects now: 2267.
Total: 3.498000 ms (FindLiveObjects: 0.353000 ms CreateObjectMapping: 0.125200 ms MarkObjects: 2.990900 ms  DeleteObjects: 0.026700 ms)

========================================================================
Received Import Request.
  Time since last request: 94.356532 seconds.
  path: Assets/Border.anim
  artifactKey: Guid(d40f8b6810070ab46ba1c2946d3b166b) Importer(815301076,1909f56bfc062723c751e8b465ee728b)
Start importing Assets/Border.anim using Guid(d40f8b6810070ab46ba1c2946d3b166b) Importer(815301076,1909f56bfc062723c751e8b465ee728b)  -> (artifact id: '01053e24a125362ae7e5edd6e3781a4a') in 0.031532 seconds
  Import took 0.036786 seconds .

========================================================================
Received Import Request.
  Time since last request: 0.043537 seconds.
  path: Assets/Border.anim
  artifactKey: Guid(d40f8b6810070ab46ba1c2946d3b166b) Importer(815301076,1909f56bfc062723c751e8b465ee728b)
Start importing Assets/Border.anim using Guid(d40f8b6810070ab46ba1c2946d3b166b) Importer(815301076,1909f56bfc062723c751e8b465ee728b)  -> (artifact id: '01053e24a125362ae7e5edd6e3781a4a') in 0.019539 seconds
  Import took 0.023858 seconds .

========================================================================
Received Import Request.
  Time since last request: 4.488703 seconds.
  path: Assets/Image.controller
  artifactKey: Guid(7640f4bfdac3d7d47a6f8aa48d3babf0) Importer(815301076,1909f56bfc062723c751e8b465ee728b)
Start importing Assets/Image.controller using Guid(7640f4bfdac3d7d47a6f8aa48d3babf0) Importer(815301076,1909f56bfc062723c751e8b465ee728b)  -> (artifact id: '30c75fb9e4bec9e43aaabde9cb4f1b19') in 0.018881 seconds
  Import took 0.023914 seconds .

========================================================================
Received Import Request.
  Time since last request: 0.002472 seconds.
  path: Assets/Image.controller
  artifactKey: Guid(7640f4bfdac3d7d47a6f8aa48d3babf0) Importer(815301076,1909f56bfc062723c751e8b465ee728b)
Start importing Assets/Image.controller using Guid(7640f4bfdac3d7d47a6f8aa48d3babf0) Importer(815301076,1909f56bfc062723c751e8b465ee728b)  -> (artifact id: '30c75fb9e4bec9e43aaabde9cb4f1b19') in 0.021114 seconds
  Import took 0.025463 seconds .

========================================================================
Received Prepare
Registering precompiled user dll's ...
Registered in 0.004731 seconds.
Begin MonoManager ReloadAssembly
Native extension for WindowsStandalone target not found
Refreshing native plugins compatible for Editor in 0.53 ms, found 1 plugins.
Preloading 0 native plugins for Editor in 0.00 ms.
Invoked RoslynAnalysisRunner static constructor.
RoslynAnalysisRunner will not be running.
RoslynAnalysisRunner has terminated.
Mono: successfully reloaded assembly
- Completed reload, in  2.778 seconds
Platform modules already initialized, skipping
Refreshing native plugins compatible for Editor in 0.57 ms, found 1 plugins.
Preloading 0 native plugins for Editor in 0.00 ms.
Unloading 1793 Unused Serialized files (Serialized files now loaded: 0)
System memory in use before: 87.1 MB.
System memory in use after: 87.2 MB.

Unloading 7 unused Assets to reduce memory usage. Loaded Objects now: 2270.
Total: 3.857100 ms (FindLiveObjects: 0.306100 ms CreateObjectMapping: 0.086100 ms MarkObjects: 3.432600 ms  DeleteObjects: 0.029600 ms)

========================================================================
Received Import Request.
  Time since last request: 17.584337 seconds.
  path: Assets/New Animation.anim
  artifactKey: Guid(aa70f17a35668964a878e0b047eeb21a) Importer(815301076,1909f56bfc062723c751e8b465ee728b)
Start importing Assets/New Animation.anim using Guid(aa70f17a35668964a878e0b047eeb21a) Importer(815301076,1909f56bfc062723c751e8b465ee728b)  -> (artifact id: '9661a3f6750b09003aa5008a85c64461') in 0.034727 seconds
  Import took 0.040080 seconds .

========================================================================
Received Import Request.
  Time since last request: 110.494022 seconds.
  path: Assets/Image.prefab
  artifactKey: Guid(72f32e40fcf5ee34b99508723de70469) Importer(815301076,1909f56bfc062723c751e8b465ee728b)
Start importing Assets/Image.prefab using Guid(72f32e40fcf5ee34b99508723de70469) Importer(815301076,1909f56bfc062723c751e8b465ee728b)  -> (artifact id: 'b2703bf735e399c07c489132425087da') in 0.042683 seconds
  Import took 0.047632 seconds .

========================================================================
Received Prepare
Registering precompiled user dll's ...
Registered in 0.004425 seconds.
Begin MonoManager ReloadAssembly
Native extension for WindowsStandalone target not found
Refreshing native plugins compatible for Editor in 0.45 ms, found 1 plugins.
Preloading 0 native plugins for Editor in 0.00 ms.
Invoked RoslynAnalysisRunner static constructor.
RoslynAnalysisRunner will not be running.
RoslynAnalysisRunner has terminated.
Mono: successfully reloaded assembly
- Completed reload, in  2.734 seconds
Platform modules already initialized, skipping
Refreshing native plugins compatible for Editor in 0.78 ms, found 1 plugins.
Preloading 0 native plugins for Editor in 0.00 ms.
Unloading 1793 Unused Serialized files (Serialized files now loaded: 0)
System memory in use before: 87.1 MB.
System memory in use after: 87.2 MB.

Unloading 7 unused Assets to reduce memory usage. Loaded Objects now: 2273.
Total: 4.341900 ms (FindLiveObjects: 0.525400 ms CreateObjectMapping: 0.153700 ms MarkObjects: 3.633100 ms  DeleteObjects: 0.025700 ms)

========================================================================
Received Prepare
Registering precompiled user dll's ...
Registered in 0.006568 seconds.
Begin MonoManager ReloadAssembly
Native extension for WindowsStandalone target not found
Refreshing native plugins compatible for Editor in 0.64 ms, found 1 plugins.
Preloading 0 native plugins for Editor in 0.00 ms.
Invoked RoslynAnalysisRunner static constructor.
RoslynAnalysisRunner will not be running.
RoslynAnalysisRunner has terminated.
Mono: successfully reloaded assembly
- Completed reload, in  2.142 seconds
Platform modules already initialized, skipping
Refreshing native plugins compatible for Editor in 0.88 ms, found 1 plugins.
Preloading 0 native plugins for Editor in 0.00 ms.
Unloading 1793 Unused Serialized files (Serialized files now loaded: 0)
System memory in use before: 87.1 MB.
System memory in use after: 87.2 MB.

Unloading 7 unused Assets to reduce memory usage. Loaded Objects now: 2276.
Total: 4.767300 ms (FindLiveObjects: 0.677700 ms CreateObjectMapping: 0.179500 ms MarkObjects: 3.873800 ms  DeleteObjects: 0.032500 ms)

========================================================================
Received Prepare
Registering precompiled user dll's ...
Registered in 0.004199 seconds.
Begin MonoManager ReloadAssembly
Native extension for WindowsStandalone target not found
Refreshing native plugins compatible for Editor in 0.85 ms, found 1 plugins.
Preloading 0 native plugins for Editor in 0.00 ms.
Invoked RoslynAnalysisRunner static constructor.
RoslynAnalysisRunner will not be running.
RoslynAnalysisRunner has terminated.
Mono: successfully reloaded assembly
- Completed reload, in  2.127 seconds
Platform modules already initialized, skipping
Refreshing native plugins compatible for Editor in 0.47 ms, found 1 plugins.
Preloading 0 native plugins for Editor in 0.00 ms.
Unloading 1793 Unused Serialized files (Serialized files now loaded: 0)
System memory in use before: 87.1 MB.
System memory in use after: 87.2 MB.

Unloading 7 unused Assets to reduce memory usage. Loaded Objects now: 2279.
Total: 3.194300 ms (FindLiveObjects: 0.382100 ms CreateObjectMapping: 0.096400 ms MarkObjects: 2.687400 ms  DeleteObjects: 0.025800 ms)

========================================================================
Received Import Request.
  Time since last request: 2036.051382 seconds.
  path: Assets
  artifactKey: Guid(00000000000000001000000000000000) Importer(815301076,1909f56bfc062723c751e8b465ee728b)
Start importing Assets using Guid(00000000000000001000000000000000) Importer(815301076,1909f56bfc062723c751e8b465ee728b)  -> (artifact id: 'edc3feb264a98656617d3c2cb59c8f16') in 0.027680 seconds
  Import took 0.031827 seconds .

========================================================================
Received Prepare
Registering precompiled user dll's ...
Registered in 0.005902 seconds.
Begin MonoManager ReloadAssembly
Native extension for WindowsStandalone target not found
Refreshing native plugins compatible for Editor in 0.51 ms, found 1 plugins.
Preloading 0 native plugins for Editor in 0.00 ms.
Invoked RoslynAnalysisRunner static constructor.
RoslynAnalysisRunner will not be running.
RoslynAnalysisRunner has terminated.
Mono: successfully reloaded assembly
- Completed reload, in  2.055 seconds
Platform modules already initialized, skipping
Refreshing native plugins compatible for Editor in 0.51 ms, found 1 plugins.
Preloading 0 native plugins for Editor in 0.00 ms.
Unloading 1793 Unused Serialized files (Serialized files now loaded: 0)
System memory in use before: 87.1 MB.
System memory in use after: 87.2 MB.

Unloading 7 unused Assets to reduce memory usage. Loaded Objects now: 2282.
Total: 2.950600 ms (FindLiveObjects: 0.474300 ms CreateObjectMapping: 0.120700 ms MarkObjects: 2.328000 ms  DeleteObjects: 0.025100 ms)

========================================================================
Received Import Request.
  Time since last request: 22.568179 seconds.
  path: Assets/Animation/Border_controller.controller
  artifactKey: Guid(7640f4bfdac3d7d47a6f8aa48d3babf0) Importer(815301076,1909f56bfc062723c751e8b465ee728b)
Start importing Assets/Animation/Border_controller.controller using Guid(7640f4bfdac3d7d47a6f8aa48d3babf0) Importer(815301076,1909f56bfc062723c751e8b465ee728b)  -> (artifact id: 'e4c0946b3f96398c74d8ee1c210b6d14') in 0.040204 seconds
  Import took 0.045274 seconds .

========================================================================
Received Import Request.
  Time since last request: 4.816470 seconds.
  path: Assets/Animation/Border
  artifactKey: Guid(c6709c7de0b54dd4ea89cad5009904ae) Importer(815301076,1909f56bfc062723c751e8b465ee728b)
Start importing Assets/Animation/Border using Guid(c6709c7de0b54dd4ea89cad5009904ae) Importer(815301076,1909f56bfc062723c751e8b465ee728b)  -> (artifact id: 'a5da7795c69c24626e7d121ddcf64cc9') in 0.019338 seconds
  Import took 0.024204 seconds .

========================================================================
Received Import Request.
  Time since last request: 9.573422 seconds.
  path: Assets/Border.prefab
  artifactKey: Guid(72f32e40fcf5ee34b99508723de70469) Importer(815301076,1909f56bfc062723c751e8b465ee728b)
Start importing Assets/Border.prefab using Guid(72f32e40fcf5ee34b99508723de70469) Importer(815301076,1909f56bfc062723c751e8b465ee728b)  -> (artifact id: '1fd5427f58ade726b661c7bff9d9e6ce') in 0.054401 seconds
  Import took 0.058947 seconds .

========================================================================
Received Import Request.
  Time since last request: 6.907099 seconds.
  path: Assets/Prefab
  artifactKey: Guid(6b25492829e5cc24ebc3987af5f991fb) Importer(815301076,1909f56bfc062723c751e8b465ee728b)
Start importing Assets/Prefab using Guid(6b25492829e5cc24ebc3987af5f991fb) Importer(815301076,1909f56bfc062723c751e8b465ee728b)  -> (artifact id: '3a2597fd7c5fbe704782787b970e856c') in 0.019530 seconds
  Import took 0.025243 seconds .

========================================================================
Received Import Request.
  Time since last request: 30.809068 seconds.
  path: Assets/Script/PacStudent.cs
  artifactKey: Guid(b70d5f12633295246908428055b22571) Importer(815301076,1909f56bfc062723c751e8b465ee728b)
Start importing Assets/Script/PacStudent.cs using Guid(b70d5f12633295246908428055b22571) Importer(815301076,1909f56bfc062723c751e8b465ee728b)  -> (artifact id: '44018839785e835191d30e5a6c15810c') in 0.019175 seconds
  Import took 0.023958 seconds .

========================================================================
Received Prepare
Registering precompiled user dll's ...
Registered in 0.005114 seconds.
Begin MonoManager ReloadAssembly
Native extension for WindowsStandalone target not found
Refreshing native plugins compatible for Editor in 0.65 ms, found 1 plugins.
Preloading 0 native plugins for Editor in 0.00 ms.
Invoked RoslynAnalysisRunner static constructor.
RoslynAnalysisRunner will not be running.
RoslynAnalysisRunner has terminated.
Mono: successfully reloaded assembly
- Completed reload, in  3.099 seconds
Platform modules already initialized, skipping
Refreshing native plugins compatible for Editor in 0.52 ms, found 1 plugins.
Preloading 0 native plugins for Editor in 0.00 ms.
Unloading 1794 Unused Serialized files (Serialized files now loaded: 0)
System memory in use before: 87.1 MB.
System memory in use after: 87.2 MB.

Unloading 7 unused Assets to reduce memory usage. Loaded Objects now: 2286.
Total: 3.274700 ms (FindLiveObjects: 0.357300 ms CreateObjectMapping: 0.074100 ms MarkObjects: 2.817800 ms  DeleteObjects: 0.023100 ms)

========================================================================
Received Import Request.
  Time since last request: 27.373671 seconds.
  path: Assets/Script/PacStudentController.cs
  artifactKey: Guid(b70d5f12633295246908428055b22571) Importer(815301076,1909f56bfc062723c751e8b465ee728b)
Start importing Assets/Script/PacStudentController.cs using Guid(b70d5f12633295246908428055b22571) Importer(815301076,1909f56bfc062723c751e8b465ee728b)  -> (artifact id: 'cef20bbf92c5a9898bbfd8c2b2a14407') in 0.051500 seconds
  Import took 0.059180 seconds .

========================================================================
Received Prepare
Registering precompiled user dll's ...
Registered in 0.005536 seconds.
Begin MonoManager ReloadAssembly
Native extension for WindowsStandalone target not found
Refreshing native plugins compatible for Editor in 0.43 ms, found 1 plugins.
Preloading 0 native plugins for Editor in 0.00 ms.
Invoked RoslynAnalysisRunner static constructor.
RoslynAnalysisRunner will not be running.
RoslynAnalysisRunner has terminated.
Mono: successfully reloaded assembly
- Completed reload, in  2.039 seconds
Platform modules already initialized, skipping
Refreshing native plugins compatible for Editor in 0.50 ms, found 1 plugins.
Preloading 0 native plugins for Editor in 0.00 ms.
Unloading 1794 Unused Serialized files (Serialized files now loaded: 0)
System memory in use before: 87.1 MB.
System memory in use after: 87.3 MB.

Unloading 7 unused Assets to reduce memory usage. Loaded Objects now: 2289.
Total: 3.771400 ms (FindLiveObjects: 0.323300 ms CreateObjectMapping: 0.082200 ms MarkObjects: 3.333200 ms  DeleteObjects: 0.030300 ms)

========================================================================
Received Prepare
Registering precompiled user dll's ...
Registered in 0.004877 seconds.
Begin MonoManager ReloadAssembly
Native extension for WindowsStandalone target not found
Refreshing native plugins compatible for Editor in 0.67 ms, found 1 plugins.
Preloading 0 native plugins for Editor in 0.00 ms.
Invoked RoslynAnalysisRunner static constructor.
RoslynAnalysisRunner will not be running.
RoslynAnalysisRunner has terminated.
Mono: successfully reloaded assembly
- Completed reload, in  2.560 seconds
Platform modules already initialized, skipping
Refreshing native plugins compatible for Editor in 0.56 ms, found 1 plugins.
Preloading 0 native plugins for Editor in 0.00 ms.
Unloading 1794 Unused Serialized files (Serialized files now loaded: 0)
System memory in use before: 87.1 MB.
System memory in use after: 87.3 MB.

Unloading 7 unused Assets to reduce memory usage. Loaded Objects now: 2292.
Total: 2.936500 ms (FindLiveObjects: 0.356400 ms CreateObjectMapping: 0.087600 ms MarkObjects: 2.466700 ms  DeleteObjects: 0.023800 ms)

========================================================================
Received Import Request.
  Time since last request: 43.265617 seconds.
  path: Assets/Script/PacStudentController.cs
  artifactKey: Guid(b70d5f12633295246908428055b22571) Importer(815301076,1909f56bfc062723c751e8b465ee728b)
Start importing Assets/Script/PacStudentController.cs using Guid(b70d5f12633295246908428055b22571) Importer(815301076,1909f56bfc062723c751e8b465ee728b)  -> (artifact id: 'b894b5744e4e48fa45313940ce24e027') in 0.017075 seconds
  Import took 0.022888 seconds .

========================================================================
Received Import Request.
  Time since last request: 2771.254891 seconds.
  path: Assets/Audio Clips/Ghost clips/GhostDeath.mp3
  artifactKey: Guid(30e2834e8ec8422479f27df13e629598) Importer(815301076,1909f56bfc062723c751e8b465ee728b)
Start importing Assets/Audio Clips/Ghost clips/GhostDeath.mp3 using Guid(30e2834e8ec8422479f27df13e629598) Importer(815301076,1909f56bfc062723c751e8b465ee728b)  -> (artifact id: 'c0190ee0dfc34ae1d5ee66486bc87b49') in 0.254713 seconds
  Import took 0.261061 seconds .

========================================================================
Received Import Request.
  Time since last request: 0.000350 seconds.
  path: Assets/Audio Clips/Ghost clips/Ghostnormal.ogg
  artifactKey: Guid(950d2e5fe4b3f6a4abe8d62c261fad2c) Importer(815301076,1909f56bfc062723c751e8b465ee728b)
Start importing Assets/Audio Clips/Ghost clips/Ghostnormal.ogg using Guid(950d2e5fe4b3f6a4abe8d62c261fad2c) Importer(815301076,1909f56bfc062723c751e8b465ee728b)  -> (artifact id: '0d185ae6bc6633b148f0719d0599d39b') in 0.061883 seconds
  Import took 0.066218 seconds .

========================================================================
Received Import Request.
  Time since last request: 0.000427 seconds.
  path: Assets/Audio Clips/Ghost clips/Ghostscared.mp3
  artifactKey: Guid(d4f40e9e05b024b42b491a939badf2d4) Importer(815301076,1909f56bfc062723c751e8b465ee728b)
Start importing Assets/Audio Clips/Ghost clips/Ghostscared.mp3 using Guid(d4f40e9e05b024b42b491a939badf2d4) Importer(815301076,1909f56bfc062723c751e8b465ee728b)  -> (artifact id: 'ff08b574f3e598406d430754050cc14e') in 0.046721 seconds
  Import took 0.052148 seconds .

========================================================================
Received Import Request.
  Time since last request: 2.496246 seconds.
  path: Assets/Audio Clips/PacMan clips/PM-collides wall.mp3
  artifactKey: Guid(778177bf80d94bd4095adb02447a04fb) Importer(815301076,1909f56bfc062723c751e8b465ee728b)
Start importing Assets/Audio Clips/PacMan clips/PM-collides wall.mp3 using Guid(778177bf80d94bd4095adb02447a04fb) Importer(815301076,1909f56bfc062723c751e8b465ee728b)  -> (artifact id: '2650766c3baed294a6d245f2bf5bc8fa') in 0.051423 seconds
  Import took 0.056407 seconds .

========================================================================
Received Import Request.
  Time since last request: 0.000885 seconds.
  path: Assets/Audio Clips/PacMan clips/PM-Moving.mp3
  artifactKey: Guid(3257ac01c526bd648ba5b6f5a506d7c5) Importer(815301076,1909f56bfc062723c751e8b465ee728b)
Start importing Assets/Audio Clips/PacMan clips/PM-Moving.mp3 using Guid(3257ac01c526bd648ba5b6f5a506d7c5) Importer(815301076,1909f56bfc062723c751e8b465ee728b)  -> (artifact id: '3f2e5a30974d576175e5e856bd4bd682') in 0.041505 seconds
  Import took 0.046165 seconds .

========================================================================
Received Import Request.
  Time since last request: 0.000437 seconds.
  path: Assets/Audio Clips/PacMan clips/PM-Death.mp3
  artifactKey: Guid(7ddc366f4bae56c4d94370649e6c2e4a) Importer(815301076,1909f56bfc062723c751e8b465ee728b)
Start importing Assets/Audio Clips/PacMan clips/PM-Death.mp3 using Guid(7ddc366f4bae56c4d94370649e6c2e4a) Importer(815301076,1909f56bfc062723c751e8b465ee728b)  -> (artifact id: '5600101fdf77700059181294e7879337') in 0.044377 seconds
  Import took 0.049215 seconds .

========================================================================
Received Import Request.
  Time since last request: 0.000435 seconds.
  path: Assets/Audio Clips/PacMan clips/PM-eating.mp3
  artifactKey: Guid(b069a89197b5bec40a17cf4d99a9af1a) Importer(815301076,1909f56bfc062723c751e8b465ee728b)
Start importing Assets/Audio Clips/PacMan clips/PM-eating.mp3 using Guid(b069a89197b5bec40a17cf4d99a9af1a) Importer(815301076,1909f56bfc062723c751e8b465ee728b)  -> (artifact id: '29011381f2d18186499bef20569b1a15') in 0.039115 seconds
  Import took 0.044051 seconds .

========================================================================
Received Import Request.
  Time since last request: 0.000460 seconds.
  path: Assets/Audio Clips/PacMan clips/PM-collides wall.mp3
  artifactKey: Guid(778177bf80d94bd4095adb02447a04fb) Importer(815301076,1909f56bfc062723c751e8b465ee728b)
Start importing Assets/Audio Clips/PacMan clips/PM-collides wall.mp3 using Guid(778177bf80d94bd4095adb02447a04fb) Importer(815301076,1909f56bfc062723c751e8b465ee728b)  -> (artifact id: '2650766c3baed294a6d245f2bf5bc8fa') in 0.028186 seconds
  Import took 0.033845 seconds .

========================================================================
Received Import Request.
  Time since last request: 58.504572 seconds.
  path: Assets/Script/UIMangaer.cs
  artifactKey: Guid(6648056780cbf3643b5425f1b17a8900) Importer(815301076,1909f56bfc062723c751e8b465ee728b)
Start importing Assets/Script/UIMangaer.cs using Guid(6648056780cbf3643b5425f1b17a8900) Importer(815301076,1909f56bfc062723c751e8b465ee728b)  -> (artifact id: 'd782256527b0634340b7c8c61bcbaa14') in 0.040727 seconds
  Import took 0.046440 seconds .

========================================================================
Received Import Request.
  Time since last request: 0.004003 seconds.
  path: Assets/Script/UIMangaer.cs
  artifactKey: Guid(6648056780cbf3643b5425f1b17a8900) Importer(815301076,1909f56bfc062723c751e8b465ee728b)
Start importing Assets/Script/UIMangaer.cs using Guid(6648056780cbf3643b5425f1b17a8900) Importer(815301076,1909f56bfc062723c751e8b465ee728b)  -> (artifact id: 'd782256527b0634340b7c8c61bcbaa14') in 0.019725 seconds
  Import took 0.026902 seconds .

========================================================================
Received Prepare
Registering precompiled user dll's ...
Registered in 0.004971 seconds.
Begin MonoManager ReloadAssembly
Native extension for WindowsStandalone target not found
Refreshing native plugins compatible for Editor in 0.67 ms, found 1 plugins.
Preloading 0 native plugins for Editor in 0.00 ms.
Invoked RoslynAnalysisRunner static constructor.
RoslynAnalysisRunner will not be running.
RoslynAnalysisRunner has terminated.
Mono: successfully reloaded assembly
- Completed reload, in  2.357 seconds
Platform modules already initialized, skipping
Refreshing native plugins compatible for Editor in 0.43 ms, found 1 plugins.
Preloading 0 native plugins for Editor in 0.00 ms.
Unloading 1795 Unused Serialized files (Serialized files now loaded: 0)
System memory in use before: 90.3 MB.
System memory in use after: 90.4 MB.

Unloading 7 unused Assets to reduce memory usage. Loaded Objects now: 2305.
Total: 3.186900 ms (FindLiveObjects: 0.402400 ms CreateObjectMapping: 0.088200 ms MarkObjects: 2.673000 ms  DeleteObjects: 0.021000 ms)

========================================================================
Received Prepare
Registering precompiled user dll's ...
Registered in 0.007363 seconds.
Begin MonoManager ReloadAssembly
Native extension for WindowsStandalone target not found
Refreshing native plugins compatible for Editor in 0.77 ms, found 1 plugins.
Preloading 0 native plugins for Editor in 0.00 ms.
Invoked RoslynAnalysisRunner static constructor.
RoslynAnalysisRunner will not be running.
RoslynAnalysisRunner has terminated.
Mono: successfully reloaded assembly
- Completed reload, in  2.134 seconds
Platform modules already initialized, skipping
Refreshing native plugins compatible for Editor in 1.21 ms, found 1 plugins.
Preloading 0 native plugins for Editor in 0.00 ms.
Unloading 1794 Unused Serialized files (Serialized files now loaded: 0)
System memory in use before: 90.3 MB.
System memory in use after: 90.4 MB.

Unloading 8 unused Assets to reduce memory usage. Loaded Objects now: 2307.
Total: 3.109400 ms (FindLiveObjects: 0.334100 ms CreateObjectMapping: 0.083700 ms MarkObjects: 2.663200 ms  DeleteObjects: 0.026600 ms)

========================================================================
Received Prepare
Registering precompiled user dll's ...
Registered in 0.006411 seconds.
Begin MonoManager ReloadAssembly
Native extension for WindowsStandalone target not found
Refreshing native plugins compatible for Editor in 0.57 ms, found 1 plugins.
Preloading 0 native plugins for Editor in 0.00 ms.
Invoked RoslynAnalysisRunner static constructor.
RoslynAnalysisRunner will not be running.
RoslynAnalysisRunner has terminated.
Mono: successfully reloaded assembly
- Completed reload, in  2.601 seconds
Platform modules already initialized, skipping
Refreshing native plugins compatible for Editor in 0.92 ms, found 1 plugins.
Preloading 0 native plugins for Editor in 0.00 ms.
Unloading 1795 Unused Serialized files (Serialized files now loaded: 0)
System memory in use before: 90.3 MB.
System memory in use after: 90.5 MB.

Unloading 7 unused Assets to reduce memory usage. Loaded Objects now: 2311.
Total: 6.019400 ms (FindLiveObjects: 0.647600 ms CreateObjectMapping: 0.457000 ms MarkObjects: 4.885400 ms  DeleteObjects: 0.025900 ms)

========================================================================
Received Import Request.
  Time since last request: 70.287913 seconds.
  path: Assets/Script/UIManager.cs
  artifactKey: Guid(3bfe311196bf9d74085a02d6dd7eb425) Importer(815301076,1909f56bfc062723c751e8b465ee728b)
Start importing Assets/Script/UIManager.cs using Guid(3bfe311196bf9d74085a02d6dd7eb425) Importer(815301076,1909f56bfc062723c751e8b465ee728b)  -> (artifact id: '4320d2b9a58f61e89d6083dd795ee50f') in 0.021546 seconds
  Import took 0.026509 seconds .

========================================================================
Received Import Request.
  Time since last request: 2052.217647 seconds.
  path: Assets/Scenes/StartScene.unity
  artifactKey: Guid(67ef0c796a35f54438c36350bbee9939) Importer(815301076,1909f56bfc062723c751e8b465ee728b)
Start importing Assets/Scenes/StartScene.unity using Guid(67ef0c796a35f54438c36350bbee9939) Importer(815301076,1909f56bfc062723c751e8b465ee728b)  -> (artifact id: '4cdecfbed181d9dc461bb3dac9509682') in 0.043529 seconds
  Import took 0.048587 seconds .

========================================================================
Received Import Request.
  Time since last request: 0.630004 seconds.
  path: Assets/Scenes/SampleScene.unity
  artifactKey: Guid(2cda990e2423bbf4892e6590ba056729) Importer(815301076,1909f56bfc062723c751e8b465ee728b)
Start importing Assets/Scenes/SampleScene.unity using Guid(2cda990e2423bbf4892e6590ba056729) Importer(815301076,1909f56bfc062723c751e8b465ee728b)  -> (artifact id: '2f8b058037cedd242ee4885895933e3a') in 0.022999 seconds
  Import took 0.030409 seconds .

========================================================================
Received Import Request.
  Time since last request: 9.354856 seconds.
  path: ProjectSettings/TagManager.asset
  artifactKey: Guid(00000000000000003000000000000000) Importer(815301076,1909f56bfc062723c751e8b465ee728b)
Start importing ProjectSettings/TagManager.asset using Guid(00000000000000003000000000000000) Importer(815301076,1909f56bfc062723c751e8b465ee728b)  -> (artifact id: '7379b410f0cd7c25b56b0fca370b95cf') in 0.029951 seconds
  Import took 0.034691 seconds .

========================================================================
Received Prepare
Registering precompiled user dll's ...
Registered in 0.006357 seconds.
Begin MonoManager ReloadAssembly
Native extension for WindowsStandalone target not found
Refreshing native plugins compatible for Editor in 0.49 ms, found 1 plugins.
Preloading 0 native plugins for Editor in 0.00 ms.
Invoked RoslynAnalysisRunner static constructor.
RoslynAnalysisRunner will not be running.
RoslynAnalysisRunner has terminated.
Mono: successfully reloaded assembly
- Completed reload, in  2.079 seconds
Platform modules already initialized, skipping
Refreshing native plugins compatible for Editor in 0.49 ms, found 1 plugins.
Preloading 0 native plugins for Editor in 0.00 ms.
Unloading 1795 Unused Serialized files (Serialized files now loaded: 0)
System memory in use before: 90.4 MB.
System memory in use after: 90.5 MB.

Unloading 8 unused Assets to reduce memory usage. Loaded Objects now: 2314.
Total: 7.609400 ms (FindLiveObjects: 0.534500 ms CreateObjectMapping: 0.187800 ms MarkObjects: 6.838000 ms  DeleteObjects: 0.045900 ms)

========================================================================
Received Import Request.
  Time since last request: 180.221358 seconds.
  path: Assets/Scenes/StartScene.unity
  artifactKey: Guid(67ef0c796a35f54438c36350bbee9939) Importer(815301076,1909f56bfc062723c751e8b465ee728b)
Start importing Assets/Scenes/StartScene.unity using Guid(67ef0c796a35f54438c36350bbee9939) Importer(815301076,1909f56bfc062723c751e8b465ee728b)  -> (artifact id: '30b044e23ad4f23bab3e6e9d9d969289') in 0.032387 seconds
  Import took 0.038414 seconds .

========================================================================
Received Import Request.
  Time since last request: 9.179174 seconds.
  path: Assets/Script/UIManager.cs
  artifactKey: Guid(3bfe311196bf9d74085a02d6dd7eb425) Importer(815301076,1909f56bfc062723c751e8b465ee728b)
Start importing Assets/Script/UIManager.cs using Guid(3bfe311196bf9d74085a02d6dd7eb425) Importer(815301076,1909f56bfc062723c751e8b465ee728b)  -> (artifact id: '82fd22b39ac4e3bfdebc32c666f88ef9') in 0.016355 seconds
  Import took 0.022559 seconds .

========================================================================
Received Import Request.
  Time since last request: 99.473164 seconds.
  path: Assets/Scenes/SampleScene.unity
  artifactKey: Guid(2cda990e2423bbf4892e6590ba056729) Importer(815301076,1909f56bfc062723c751e8b465ee728b)
Start importing Assets/Scenes/SampleScene.unity using Guid(2cda990e2423bbf4892e6590ba056729) Importer(815301076,1909f56bfc062723c751e8b465ee728b)  -> (artifact id: 'e318b68ec4d795b2a221ed1559de143f') in 0.014096 seconds
  Import took 0.018653 seconds .

========================================================================
Received Import Request.
  Time since last request: 0.016151 seconds.
  path: Assets/Scenes/SampleScene.unity
  artifactKey: Guid(2cda990e2423bbf4892e6590ba056729) Importer(815301076,1909f56bfc062723c751e8b465ee728b)
Start importing Assets/Scenes/SampleScene.unity using Guid(2cda990e2423bbf4892e6590ba056729) Importer(815301076,1909f56bfc062723c751e8b465ee728b)  -> (artifact id: 'e318b68ec4d795b2a221ed1559de143f') in 0.017042 seconds
  Import took 0.023202 seconds .

========================================================================
Received Prepare
Registering precompiled user dll's ...
Registered in 0.016245 seconds.
Begin MonoManager ReloadAssembly
Native extension for WindowsStandalone target not found
Refreshing native plugins compatible for Editor in 0.77 ms, found 1 plugins.
Preloading 0 native plugins for Editor in 0.00 ms.
Invoked RoslynAnalysisRunner static constructor.
RoslynAnalysisRunner will not be running.
RoslynAnalysisRunner has terminated.
Mono: successfully reloaded assembly
- Completed reload, in  2.618 seconds
Platform modules already initialized, skipping
Refreshing native plugins compatible for Editor in 0.48 ms, found 1 plugins.
Preloading 0 native plugins for Editor in 0.00 ms.
Unloading 1795 Unused Serialized files (Serialized files now loaded: 0)
System memory in use before: 90.4 MB.
System memory in use after: 90.5 MB.

Unloading 7 unused Assets to reduce memory usage. Loaded Objects now: 2317.
Total: 2.715600 ms (FindLiveObjects: 0.267000 ms CreateObjectMapping: 0.057500 ms MarkObjects: 2.364000 ms  DeleteObjects: 0.024600 ms)

========================================================================
Received Prepare
Registering precompiled user dll's ...
Registered in 0.006495 seconds.
Begin MonoManager ReloadAssembly
Native extension for WindowsStandalone target not found
Refreshing native plugins compatible for Editor in 0.55 ms, found 1 plugins.
Preloading 0 native plugins for Editor in 0.00 ms.
Invoked RoslynAnalysisRunner static constructor.
RoslynAnalysisRunner will not be running.
RoslynAnalysisRunner has terminated.
Mono: successfully reloaded assembly
- Completed reload, in  2.422 seconds
Platform modules already initialized, skipping
Refreshing native plugins compatible for Editor in 0.48 ms, found 1 plugins.
Preloading 0 native plugins for Editor in 0.00 ms.
Unloading 1795 Unused Serialized files (Serialized files now loaded: 0)
System memory in use before: 90.4 MB.
System memory in use after: 90.5 MB.

Unloading 7 unused Assets to reduce memory usage. Loaded Objects now: 2320.
Total: 3.451700 ms (FindLiveObjects: 0.344000 ms CreateObjectMapping: 0.094400 ms MarkObjects: 2.981800 ms  DeleteObjects: 0.028900 ms)

========================================================================
Received Prepare
Registering precompiled user dll's ...
Registered in 0.003990 seconds.
Begin MonoManager ReloadAssembly
Native extension for WindowsStandalone target not found
Refreshing native plugins compatible for Editor in 1.33 ms, found 1 plugins.
Preloading 0 native plugins for Editor in 0.00 ms.
Invoked RoslynAnalysisRunner static constructor.
RoslynAnalysisRunner will not be running.
RoslynAnalysisRunner has terminated.
Mono: successfully reloaded assembly
- Completed reload, in  2.649 seconds
Platform modules already initialized, skipping
Refreshing native plugins compatible for Editor in 0.70 ms, found 1 plugins.
Preloading 0 native plugins for Editor in 0.00 ms.
Unloading 1795 Unused Serialized files (Serialized files now loaded: 0)
System memory in use before: 90.4 MB.
System memory in use after: 90.5 MB.

Unloading 7 unused Assets to reduce memory usage. Loaded Objects now: 2323.
Total: 3.080300 ms (FindLiveObjects: 0.396800 ms CreateObjectMapping: 0.126800 ms MarkObjects: 2.528400 ms  DeleteObjects: 0.026100 ms)

========================================================================
Received Import Request.
  Time since last request: 243.687559 seconds.
  path: Assets/Scenes/StartScene.unity
  artifactKey: Guid(67ef0c796a35f54438c36350bbee9939) Importer(815301076,1909f56bfc062723c751e8b465ee728b)
Start importing Assets/Scenes/StartScene.unity using Guid(67ef0c796a35f54438c36350bbee9939) Importer(815301076,1909f56bfc062723c751e8b465ee728b)  -> (artifact id: 'ad756b1571bd750f9d9323fcb8c108fe') in 0.058450 seconds
  Import took 0.065805 seconds .

========================================================================
Received Prepare
Registering precompiled user dll's ...
Registered in 0.004522 seconds.
Begin MonoManager ReloadAssembly
Native extension for WindowsStandalone target not found
Refreshing native plugins compatible for Editor in 0.78 ms, found 1 plugins.
Preloading 0 native plugins for Editor in 0.00 ms.
Invoked RoslynAnalysisRunner static constructor.
RoslynAnalysisRunner will not be running.
RoslynAnalysisRunner has terminated.
Mono: successfully reloaded assembly
- Completed reload, in  2.570 seconds
Platform modules already initialized, skipping
Refreshing native plugins compatible for Editor in 1.08 ms, found 1 plugins.
Preloading 0 native plugins for Editor in 0.00 ms.
Unloading 1795 Unused Serialized files (Serialized files now loaded: 0)
System memory in use before: 90.4 MB.
System memory in use after: 90.5 MB.

Unloading 7 unused Assets to reduce memory usage. Loaded Objects now: 2326.
Total: 4.668100 ms (FindLiveObjects: 0.937700 ms CreateObjectMapping: 0.188000 ms MarkObjects: 3.495700 ms  DeleteObjects: 0.044200 ms)

========================================================================
Received Import Request.
  Time since last request: 494.463811 seconds.
  path: Assets/Script/Movement/PacManMovement.cs
  artifactKey: Guid(9a4d80adf020c9045bab0e0209d90861) Importer(815301076,1909f56bfc062723c751e8b465ee728b)
Start importing Assets/Script/Movement/PacManMovement.cs using Guid(9a4d80adf020c9045bab0e0209d90861) Importer(815301076,1909f56bfc062723c751e8b465ee728b)  -> (artifact id: 'b782f65bf3cc83054784e5c6d276ed3e') in 0.022679 seconds
  Import took 0.028064 seconds .

AssetImportWorkerClient::OnTransportError - code=2 error=End of file
